2020-09-18 01:48:02,643 ERROR: Exception on /user/ahmed [GET] [in c:\users\faizel\desktop\flask pjcts\per_website\venv\lib\site-packages\flask\app.py:1891]
Traceback (most recent call last):
  File "c:\users\faizel\desktop\flask pjcts\per_website\venv\lib\site-packages\flask\app.py", line 2447, in wsgi_app
    response = self.full_dispatch_request()
  File "c:\users\faizel\desktop\flask pjcts\per_website\venv\lib\site-packages\flask\app.py", line 1952, in full_dispatch_request
    rv = self.handle_user_exception(e)
  File "c:\users\faizel\desktop\flask pjcts\per_website\venv\lib\site-packages\flask\app.py", line 1821, in handle_user_exception
    reraise(exc_type, exc_value, tb)
  File "c:\users\faizel\desktop\flask pjcts\per_website\venv\lib\site-packages\flask\_compat.py", line 39, in reraise
    raise value
  File "c:\users\faizel\desktop\flask pjcts\per_website\venv\lib\site-packages\flask\app.py", line 1950, in full_dispatch_request
    rv = self.dispatch_request()
  File "c:\users\faizel\desktop\flask pjcts\per_website\venv\lib\site-packages\flask\app.py", line 1936, in dispatch_request
    return self.view_functions[rule.endpoint](**req.view_args)
  File "c:\users\faizel\desktop\flask pjcts\per_website\venv\lib\site-packages\flask_login\utils.py", line 272, in decorated_view
    return func(*args, **kwargs)
  File "C:\Users\Faizel\Desktop\flask pjcts\Per_website\app\routes.py", line 83, in user
    return render_template('user.html', user=user, posts=posts, form=form)
  File "c:\users\faizel\desktop\flask pjcts\per_website\venv\lib\site-packages\flask\templating.py", line 137, in render_template
    return _render(
  File "c:\users\faizel\desktop\flask pjcts\per_website\venv\lib\site-packages\flask\templating.py", line 120, in _render
    rv = template.render(context)
  File "c:\users\faizel\desktop\flask pjcts\per_website\venv\lib\site-packages\jinja2\environment.py", line 1090, in render
    self.environment.handle_exception()
  File "c:\users\faizel\desktop\flask pjcts\per_website\venv\lib\site-packages\jinja2\environment.py", line 832, in handle_exception
    reraise(*rewrite_traceback_stack(source=source))
  File "c:\users\faizel\desktop\flask pjcts\per_website\venv\lib\site-packages\jinja2\_compat.py", line 28, in reraise
    raise value.with_traceback(tb)
  File "C:\Users\Faizel\Desktop\flask pjcts\Per_website\app\templates\user.html", line 1, in top-level template code
    {% extends "base.html" %}
  File "C:\Users\Faizel\Desktop\flask pjcts\Per_website\app\templates\base.html", line 30, in top-level template code
    {% block content %}{% endblock %}
  File "C:\Users\Faizel\Desktop\flask pjcts\Per_website\app\templates\user.html", line 17, in block "content"
    {{ form.hidden_tag() }}
TypeError: hidden_tag() missing 1 required positional argument: 'self'
2020-09-18 01:49:14,339 ERROR: Exception on /user/susan [GET] [in c:\users\faizel\desktop\flask pjcts\per_website\venv\lib\site-packages\flask\app.py:1891]
Traceback (most recent call last):
  File "c:\users\faizel\desktop\flask pjcts\per_website\venv\lib\site-packages\flask\app.py", line 2447, in wsgi_app
    response = self.full_dispatch_request()
  File "c:\users\faizel\desktop\flask pjcts\per_website\venv\lib\site-packages\flask\app.py", line 1952, in full_dispatch_request
    rv = self.handle_user_exception(e)
  File "c:\users\faizel\desktop\flask pjcts\per_website\venv\lib\site-packages\flask\app.py", line 1821, in handle_user_exception
    reraise(exc_type, exc_value, tb)
  File "c:\users\faizel\desktop\flask pjcts\per_website\venv\lib\site-packages\flask\_compat.py", line 39, in reraise
    raise value
  File "c:\users\faizel\desktop\flask pjcts\per_website\venv\lib\site-packages\flask\app.py", line 1950, in full_dispatch_request
    rv = self.dispatch_request()
  File "c:\users\faizel\desktop\flask pjcts\per_website\venv\lib\site-packages\flask\app.py", line 1936, in dispatch_request
    return self.view_functions[rule.endpoint](**req.view_args)
  File "c:\users\faizel\desktop\flask pjcts\per_website\venv\lib\site-packages\flask_login\utils.py", line 272, in decorated_view
    return func(*args, **kwargs)
  File "C:\Users\Faizel\Desktop\flask pjcts\Per_website\app\routes.py", line 83, in user
    return render_template('user.html', user=user, posts=posts, form=form)
  File "c:\users\faizel\desktop\flask pjcts\per_website\venv\lib\site-packages\flask\templating.py", line 137, in render_template
    return _render(
  File "c:\users\faizel\desktop\flask pjcts\per_website\venv\lib\site-packages\flask\templating.py", line 120, in _render
    rv = template.render(context)
  File "c:\users\faizel\desktop\flask pjcts\per_website\venv\lib\site-packages\jinja2\environment.py", line 1090, in render
    self.environment.handle_exception()
  File "c:\users\faizel\desktop\flask pjcts\per_website\venv\lib\site-packages\jinja2\environment.py", line 832, in handle_exception
    reraise(*rewrite_traceback_stack(source=source))
  File "c:\users\faizel\desktop\flask pjcts\per_website\venv\lib\site-packages\jinja2\_compat.py", line 28, in reraise
    raise value.with_traceback(tb)
  File "C:\Users\Faizel\Desktop\flask pjcts\Per_website\app\templates\user.html", line 1, in top-level template code
    {% extends "base.html" %}
  File "C:\Users\Faizel\Desktop\flask pjcts\Per_website\app\templates\base.html", line 30, in top-level template code
    {% block content %}{% endblock %}
  File "C:\Users\Faizel\Desktop\flask pjcts\Per_website\app\templates\user.html", line 17, in block "content"
    {{ form.hidden_tag() }}
TypeError: hidden_tag() missing 1 required positional argument: 'self'
2020-09-18 01:49:45,294 ERROR: Exception on /user/susan [GET] [in c:\users\faizel\desktop\flask pjcts\per_website\venv\lib\site-packages\flask\app.py:1891]
Traceback (most recent call last):
  File "c:\users\faizel\desktop\flask pjcts\per_website\venv\lib\site-packages\flask\app.py", line 2447, in wsgi_app
    response = self.full_dispatch_request()
  File "c:\users\faizel\desktop\flask pjcts\per_website\venv\lib\site-packages\flask\app.py", line 1952, in full_dispatch_request
    rv = self.handle_user_exception(e)
  File "c:\users\faizel\desktop\flask pjcts\per_website\venv\lib\site-packages\flask\app.py", line 1821, in handle_user_exception
    reraise(exc_type, exc_value, tb)
  File "c:\users\faizel\desktop\flask pjcts\per_website\venv\lib\site-packages\flask\_compat.py", line 39, in reraise
    raise value
  File "c:\users\faizel\desktop\flask pjcts\per_website\venv\lib\site-packages\flask\app.py", line 1950, in full_dispatch_request
    rv = self.dispatch_request()
  File "c:\users\faizel\desktop\flask pjcts\per_website\venv\lib\site-packages\flask\app.py", line 1936, in dispatch_request
    return self.view_functions[rule.endpoint](**req.view_args)
  File "c:\users\faizel\desktop\flask pjcts\per_website\venv\lib\site-packages\flask_login\utils.py", line 272, in decorated_view
    return func(*args, **kwargs)
  File "C:\Users\Faizel\Desktop\flask pjcts\Per_website\app\routes.py", line 83, in user
    return render_template('user.html', user=user, posts=posts, form=form)
  File "c:\users\faizel\desktop\flask pjcts\per_website\venv\lib\site-packages\flask\templating.py", line 137, in render_template
    return _render(
  File "c:\users\faizel\desktop\flask pjcts\per_website\venv\lib\site-packages\flask\templating.py", line 120, in _render
    rv = template.render(context)
  File "c:\users\faizel\desktop\flask pjcts\per_website\venv\lib\site-packages\jinja2\environment.py", line 1090, in render
    self.environment.handle_exception()
  File "c:\users\faizel\desktop\flask pjcts\per_website\venv\lib\site-packages\jinja2\environment.py", line 832, in handle_exception
    reraise(*rewrite_traceback_stack(source=source))
  File "c:\users\faizel\desktop\flask pjcts\per_website\venv\lib\site-packages\jinja2\_compat.py", line 28, in reraise
    raise value.with_traceback(tb)
  File "C:\Users\Faizel\Desktop\flask pjcts\Per_website\app\templates\user.html", line 1, in top-level template code
    {% extends "base.html" %}
  File "C:\Users\Faizel\Desktop\flask pjcts\Per_website\app\templates\base.html", line 30, in top-level template code
    {% block content %}{% endblock %}
  File "C:\Users\Faizel\Desktop\flask pjcts\Per_website\app\templates\user.html", line 17, in block "content"
    {{ form.hidden_tag() }}
TypeError: hidden_tag() missing 1 required positional argument: 'self'
2020-09-18 02:00:57,859 INFO: Microblog startup [in C:\Users\Faizel\Desktop\flask pjcts\Per_website\app\__init__.py:43]
2020-09-18 02:02:51,742 INFO: Microblog startup [in C:\Users\Faizel\Desktop\flask pjcts\Per_website\app\__init__.py:43]
2020-09-18 02:04:42,236 INFO: Microblog startup [in C:\Users\Faizel\Desktop\flask pjcts\Per_website\app\__init__.py:43]
